<?xml version="1.0" encoding="UTF-8" ?>
<testsuite tests="1" failures="0" name="com.miaosha.miaosha_4.MyTest" time="0.001" errors="0" skipped="0">
  <properties>
    <property name="idea.version" value="2021.1.3"/>
    <property name="java.runtime.name" value="Java(TM) SE Runtime Environment"/>
    <property name="java.vm.version" value="13+33"/>
    <property name="sun.boot.library.path" value="D:\study\JDK 13\bin"/>
    <property name="maven.multiModuleProjectDirectory" value="D:\学习资料\研究生\Java\miaosha\miaosha\miaosha_4"/>
    <property name="java.vm.vendor" value="Oracle Corporation"/>
    <property name="java.vendor.url" value="https://java.oracle.com/"/>
    <property name="guice.disable.misplaced.annotation.check" value="true"/>
    <property name="path.separator" value=";"/>
    <property name="java.vm.name" value="Java HotSpot(TM) 64-Bit Server VM"/>
    <property name="sun.os.patch.level" value=""/>
    <property name="user.script" value=""/>
    <property name="user.country" value="CN"/>
    <property name="sun.java.launcher" value="SUN_STANDARD"/>
    <property name="java.vm.specification.name" value="Java Virtual Machine Specification"/>
    <property name="user.dir" value="D:\学习资料\研究生\Java\miaosha\miaosha\miaosha_4"/>
    <property name="java.vm.compressedOopsMode" value="Zero based"/>
    <property name="java.runtime.version" value="13+33"/>
    <property name="os.arch" value="amd64"/>
    <property name="java.io.tmpdir" value="C:\temp\"/>
    <property name="line.separator" value="
"/>
    <property name="java.vm.specification.vendor" value="Oracle Corporation"/>
    <property name="user.variant" value=""/>
    <property name="os.name" value="Windows 10"/>
    <property name="maven.ext.class.path" value="D:\study\IntelliJ IDEA 2019.3.1\IntelliJ IDEA 2019.3.3\plugins\maven\lib\maven-event-listener.jar"/>
    <property name="classworlds.conf" value="D:\study\Tools\Maven\apache-maven-3.6.3\bin\m2.conf"/>
    <property name="sun.jnu.encoding" value="GBK"/>
    <property name="java.library.path" value="D:\study\JDK 13\bin;C:\WINDOWS\Sun\Java\bin;C:\WINDOWS\system32;C:\WINDOWS;C:\Program Files (x86)\Common Files\Oracle\Java\javapath;D:\study\VMware\bin\;C:\Program Files\NVIDIA GPU Computing Toolkit\CUDA\v11.5\bin;C:\Program Files\NVIDIA GPU Computing Toolkit\CUDA\v11.5\libnvvp;C:\WINDOWS\system32;C:\WINDOWS;C:\WINDOWS\System32\Wbem;C:\WINDOWS\System32\WindowsPowerShell\v1.0\;C:\WINDOWS\System32\OpenSSH\;D:\OPENCV\opencv\build\bin;C:\Program Files (x86)\IVI Foundation\VISA\WinNT\Bin\;C:\Program Files\IVI Foundation\VISA\Win64\Bin\;C:\Program Files (x86)\IVI Foundation\VISA\WinNT\Bin;D:\study\JDK 13\bin;D:\study\Git\cmd;D:\study\Latex\texlive\2021\bin\win32;D:\study\Tomcat8.5.81\apache-tomcat-8.5.81\bin;D:\study\Lingo17.0\;D:\study\CTEX\UserData\miktex\bin;D:\study\CTEX\MiKTeX\miktex\bin;D:\study\CTEX\CTeX\ctex\bin;D:\study\CTEX\CTeX\cct\bin;D:\study\CTEX\CTeX\ty\bin;D:\study\CTEX\Ghostscript\gs9.05\bin;D:\study\CTEX\GSview\gsview;D:\study\CTEX\WinEdt;C:\Program Files\NVIDIA Corporation\Nsight Compute 2021.3.1\;C:\Program Files (x86)\NVIDIA Corporation\PhysX\Common;C:\Program Files\NVIDIA Corporation\NVIDIA NvDLISR;C:\Program Files\NVIDIA GPU Computing Toolkit\CUDA\v11.5\cudnn\bin;D:\study\MySQL\MySQL Server 8.0\bin;D:\study\Prince\engine\bin;D:\study\Xshell 7\;D:\study\Xftp 7\;D:\study\Tools\Maven\apache-maven-3.6.3\bin;D:\study\Python 3.8.1\Scripts\;D:\study\Python 3.8.1\;C:\Users\峰\AppData\Local\Microsoft\WindowsApps;D:\study\IntelliJ IDEA 2019.3.1\bin;;D:\study\PyCharm 2019.3.1\bin;;D:\study\ANACONDA;D:\study\ANACONDA\Library\bin;D:\study\ANACONDA\Scripts\;D:\study\ANACONDA\Library\mingw-w64\bin;;D:\study\VScode\Microsoft VS Code\bin;."/>
    <property name="maven.conf" value="D:\study\Tools\Maven\apache-maven-3.6.3/conf"/>
    <property name="jdk.debug" value="release"/>
    <property name="java.class.version" value="57.0"/>
    <property name="java.specification.name" value="Java Platform API Specification"/>
    <property name="sun.management.compiler" value="HotSpot 64-Bit Tiered Compilers"/>
    <property name="maven.repo.local" value="D:\study\Tools\Maven\maven-repository"/>
    <property name="os.version" value="10.0"/>
    <property name="user.home" value="C:\Users\峰"/>
    <property name="user.timezone" value="Asia/Shanghai"/>
    <property name="file.encoding" value="UTF-8"/>
    <property name="java.specification.version" value="13"/>
    <property name="user.name" value="峰"/>
    <property name="java.class.path" value="D:\study\Tools\Maven\apache-maven-3.6.3\boot\plexus-classworlds-2.6.0.jar;D:\study\Tools\Maven\apache-maven-3.6.3\boot\plexus-classworlds.license"/>
    <property name="java.vm.specification.version" value="13"/>
    <property name="sun.arch.data.model" value="64"/>
    <property name="sun.java.command" value="org.codehaus.classworlds.Launcher -Didea.version=2021.1.3 -s D:\study\Tools\Maven\apache-maven-3.6.3\conf\settings.xml -Dmaven.repo.local=D:\study\Tools\Maven\maven-repository package"/>
    <property name="java.home" value="D:\study\JDK 13"/>
    <property name="user.language" value="zh"/>
    <property name="java.specification.vendor" value="Oracle Corporation"/>
    <property name="java.vm.info" value="mixed mode, sharing"/>
    <property name="java.version" value="13"/>
    <property name="java.vendor" value="Oracle Corporation"/>
    <property name="maven.home" value="D:\study\Tools\Maven\apache-maven-3.6.3"/>
    <property name="file.separator" value="\"/>
    <property name="java.version.date" value="2019-09-17"/>
    <property name="java.vendor.url.bug" value="https://bugreport.java.com/bugreport/"/>
    <property name="sun.io.unicode.encoding" value="UnicodeLittle"/>
    <property name="sun.cpu.endian" value="little"/>
    <property name="sun.cpu.isalist" value="amd64"/>
  </properties>
  <testcase classname="com.miaosha.miaosha_4.MyTest" name="com.miaosha.miaosha_4.MyTest.test1" time="0.001"/>
</testsuite>